<?xml version="1.0" encoding="UTF-8"?>
<testng-results skipped="0" failed="0" ignored="0" total="1" passed="1">
  <reporter-output>
  </reporter-output>
  <suite name="Default suite" duration-ms="8695" started-at="2020-08-12T00:33:35 CDT" finished-at="2020-08-12T00:33:44 CDT">
    <groups>
    </groups>
    <test name="Default test" duration-ms="8695" started-at="2020-08-12T00:33:35 CDT" finished-at="2020-08-12T00:33:44 CDT">
      <class name="test.LoginTest">
        <test-method status="PASS" signature="UserShouldBeAbleToLogin()[pri:0, instance:test.LoginTest@28701274]" name="UserShouldBeAbleToLogin" duration-ms="8661" started-at="2020-08-12T00:33:35 CDT" finished-at="2020-08-12T00:33:44 CDT">
          <reporter-output>
          </reporter-output>
        </test-method> <!-- UserShouldBeAbleToLogin -->
      </class> <!-- test.LoginTest -->
    </test> <!-- Default test -->
  </suite> <!-- Default suite -->
</testng-results>
